<?xml version="1.0" encoding="UTF-8"?>
<!-- Generated by org.testng.reporters.JUnitReportReporter -->
<testsuite hostname="DESKTOP-KCVLOK6" failures="0" tests="6" name="examplePackageForTestNg.CalculatorTest3" time="0.275" errors="0" timestamp="24 Mar 2022 17:51:08 GMT">
  <testcase classname="examplePackageForTestNg.CalculatorTest3" name="add1Test" time="0.006"/>
  <testcase classname="examplePackageForTestNg.CalculatorTest3" name="add1Test" time="0.212"/>
  <testcase classname="examplePackageForTestNg.CalculatorTest3" name="add0Test" time="0.005"/>
  <testcase classname="examplePackageForTestNg.CalculatorTest3" name="add2Test" time="0.006"/>
  <testcase classname="examplePackageForTestNg.CalculatorTest3" name="add0Test" time="0.032"/>
  <testcase classname="examplePackageForTestNg.CalculatorTest3" name="add2Test" time="0.014"/>
</testsuite> <!-- examplePackageForTestNg.CalculatorTest3 -->
